C:\Program Files (x86)\Microsoft Visual Studio\2017\Community\Common7\IDE\VC\VCTargets\Microsoft.CppBuild.targets(391,5): warning MSB8028: El directorio intermedio (Debug\) contiene archivos compartidos de otro proyecto (HolaSDL.vcxproj). Esto puede dar lugar a un comportamiento incorrecto de limpieza y recompilación.
  Ball.cpp
c:\users\ffreak\documents\github\tpv-arkanoid\arkanoid\holasdl\block.h(15): warning C4244: 'return': conversión de 'double' a 'uint'; posible pérdida de datos
c:\users\ffreak\documents\github\tpv-arkanoid\arkanoid\holasdl\block.h(16): warning C4244: 'return': conversión de 'double' a 'uint'; posible pérdida de datos
c:\users\ffreak\documents\github\tpv-arkanoid\arkanoid\holasdl\ball.cpp(19): warning C4244: '=': conversión de 'double' a 'int'; posible pérdida de datos
c:\users\ffreak\documents\github\tpv-arkanoid\arkanoid\holasdl\ball.cpp(20): warning C4244: '=': conversión de 'double' a 'int'; posible pérdida de datos
c:\users\ffreak\documents\github\tpv-arkanoid\arkanoid\holasdl\ball.cpp(28): warning C4244: '=': conversión de 'double' a 'int'; posible pérdida de datos
c:\users\ffreak\documents\github\tpv-arkanoid\arkanoid\holasdl\ball.cpp(29): warning C4244: '=': conversión de 'double' a 'int'; posible pérdida de datos
  Game.cpp
c:\users\ffreak\documents\github\tpv-arkanoid\arkanoid\holasdl\block.h(15): warning C4244: 'return': conversión de 'double' a 'uint'; posible pérdida de datos
c:\users\ffreak\documents\github\tpv-arkanoid\arkanoid\holasdl\block.h(16): warning C4244: 'return': conversión de 'double' a 'uint'; posible pérdida de datos
  Paddle.cpp
c:\users\ffreak\documents\github\tpv-arkanoid\arkanoid\holasdl\paddle.cpp(6): warning C4244: '=': conversión de 'double' a 'int'; posible pérdida de datos
c:\users\ffreak\documents\github\tpv-arkanoid\arkanoid\holasdl\paddle.cpp(7): warning C4244: '=': conversión de 'double' a 'int'; posible pérdida de datos
c:\users\ffreak\documents\github\tpv-arkanoid\arkanoid\holasdl\paddle.cpp(37): warning C4244: '=': conversión de 'double' a 'int'; posible pérdida de datos
c:\users\ffreak\documents\github\tpv-arkanoid\arkanoid\holasdl\paddle.cpp(38): warning C4244: '=': conversión de 'double' a 'int'; posible pérdida de datos
  main.cpp
c:\users\ffreak\documents\github\tpv-arkanoid\arkanoid\holasdl\block.h(15): warning C4244: 'return': conversión de 'double' a 'uint'; posible pérdida de datos
c:\users\ffreak\documents\github\tpv-arkanoid\arkanoid\holasdl\block.h(16): warning C4244: 'return': conversión de 'double' a 'uint'; posible pérdida de datos
  Generando código...
  HolaSDL.vcxproj -> C:\Users\FFreak\Documents\GitHub\TPV-Arkanoid\Arkanoid\bin\ArkanoidDebug.exe
